********************************************************************************
DUPLICATOR-LITE PACKAGE-LOG: 07.11.2020 11:12
NOTICE: Do NOT post to public sites or forums 
********************************************************************************
VERSION:	1.3.38
WORDPRESS:	5.2.9
PHP INFO:	7.2.15-0ubuntu0.18.04.1 | SAPI: apache2handler
SERVER:		Apache/2.4.29 (Ubuntu) 
PHP TIME LIMIT: (0) no time limit imposed 
PHP MAX MEMORY: 4294967296 (128M default) 
MEMORY STACK: 6MB

********************************************************************************
DATABASE:
********************************************************************************
BUILD MODE:   MYSQLDUMP
MYSQLTIMEOUT: 5000
MYSQLDUMP:    Is Supported
SQL CREATED: 20201107_d0b0d0b8d0b3_44454695b40dc4fe3779_20201107111211_database.sql
SQL FILE SIZE: 2.16MB (2260302)
SQL FILE TIME: 2020-11-07 11:12:21
SQL RUNTIME: 0.19 sec.

********************************************************************************
ARCHIVE (ZIP):
********************************************************************************
ARCHIVE DIR:  /var/www/aig/website
ARCHIVE FILE: 20201107_d0b0d0b8d0b3_44454695b40dc4fe3779_20201107111211_archive.zip
FILTERS: *OFF*
DIRS:
	not set
FILES:
	not set
EXTS:  not set
----------------------------------------
COMPRESSING
SIZE:	83.02MB
STATS:	Dirs 463 | Files 3,765
SQL ADDED: 20201107_d0b0d0b8d0b3_44454695b40dc4fe3779_20201107111211_database.sql
ZipArchive Object
(
    [status] => 0
    [statusSys] => 0
    [numFiles] => 4228
    [filename] => /var/www/aig/website/wp-content/backups-dup-lite/tmp/20201107_d0b0d0b8d0b3_44454695b40dc4fe3779_20201107111211_archive.zip
    [comment] => 
)

FILE ADDED TO ZIP: 4227
COMPRESSION RESULT: '1'
COMPRESSED SIZE: 33.52MB
ARCHIVE RUNTIME: 7.37 sec.
MEMORY STACK: 6MB
building installer
add_extra_files1
add_extra_files2
add_extra_files3
add_extra_files4
Doing archive file check
add_extra_files5
add_extra_files6
add_extra_files8
Successfully opened zip /var/www/aig/website/wp-content/backups-dup-lite/tmp/20201107_d0b0d0b8d0b3_44454695b40dc4fe3779_20201107111211_archive.zip
Adding enhanced installer files to archive using ZipArchive
Installer files added to archive
Added to archive
After ziparchive close when adding installer

********************************************************************************
INTEGRITY CHECKS:
********************************************************************************
SQL FILE: 2.16MB
INSTALLER FILE: 61.32KB
ARCHIVE FILE: 35.02MB 
EXPECTED FILE/DIRECTORY COUNT: 4,228
ACTUAL FILE/DIRECTORY COUNT: 4,227
ARCHIVE CONSISTENCY TEST: Pass

********************************************************************************
RECORD ID:[1]
TOTAL PROCESS RUNTIME: 8.50 sec.
PEAK PHP MEMORY USED: 8MB
DONE PROCESSING => 20201107_d0b0d0b8d0b3 07.11.2020 11:12

